/*C24*/SET SCHEMA PUBLIC
set schema PUBLIC
set schema PUBLIC
DELETE FROM VOTES WHERE ID=100015
DELETE FROM VOTES WHERE ID=100016
DELETE FROM VOTES WHERE ID=100017
DELETE FROM VOTES WHERE ID=100018
DELETE FROM VOTES WHERE ID=100019
DELETE FROM VOTES WHERE ID=100020
DELETE FROM VOTES WHERE ID=100021
COMMIT
DELETE FROM USER_ROLES WHERE USER_ID=100000 AND ROLE='ADMIN'
DELETE FROM USER_ROLES WHERE USER_ID=100001 AND ROLE='USER'
COMMIT
DELETE FROM RESTAURANTS WHERE ID=100002
DELETE FROM RESTAURANTS WHERE ID=100003
DELETE FROM DISHES WHERE ID=100004
DELETE FROM DISHES WHERE ID=100005
DELETE FROM DISHES WHERE ID=100006
DELETE FROM DISHES WHERE ID=100007
DELETE FROM DISHES WHERE ID=100008
DELETE FROM DISHES WHERE ID=100009
DELETE FROM DISHES WHERE ID=100010
DELETE FROM DISHES WHERE ID=100011
DELETE FROM DISHES WHERE ID=100012
DELETE FROM DISHES WHERE ID=100013
DELETE FROM DISHES WHERE ID=100014
COMMIT
DELETE FROM USERS WHERE ID=100000
DELETE FROM USERS WHERE ID=100001
COMMIT
ALTER SEQUENCE global_seq RESTART WITH 100000
INSERT INTO USERS VALUES(100000,'Admin','admin@gmail.com','{noop}admin','2020-01-30 08:00:00.000000',TRUE)
INSERT INTO USERS VALUES(100001,'User','user@yandex.ru','{noop}password','2020-01-30 08:00:00.000000',TRUE)
ALTER SEQUENCE PUBLIC.GLOBAL_SEQ RESTART WITH 100002
COMMIT
INSERT INTO USER_ROLES VALUES(100000,'ADMIN')
INSERT INTO USER_ROLES VALUES(100001,'USER')
COMMIT
INSERT INTO RESTAURANTS VALUES(100002,'\u041a\u0440\u0430\u043a\u043e\u0432')
INSERT INTO RESTAURANTS VALUES(100003,'\u041f\u0440\u0430\u0433\u0430')
ALTER SEQUENCE PUBLIC.GLOBAL_SEQ RESTART WITH 100004
COMMIT
INSERT INTO DISHES VALUES(100004,'\u0421\u0443\u043f','2020-06-29 00:00:00.000000',10,100002)
INSERT INTO DISHES VALUES(100005,'\u0427\u0430\u0439','2020-06-29 00:00:00.000000',20,100002)
INSERT INTO DISHES VALUES(100006,'\u0411\u043e\u0440\u0449','2020-07-29 00:00:00.000000',110,100002)
INSERT INTO DISHES VALUES(100007,'\u041a\u043e\u043c\u043f\u043e\u0442','2020-07-29 00:00:00.000000',120,100002)
INSERT INTO DISHES VALUES(100008,'\u0435\u0434\u0430','2020-07-30 00:00:00.000000',110,100002)
INSERT INTO DISHES VALUES(100009,'\u0432\u043e\u0434\u0430','2020-07-30 00:00:00.000000',20,100002)
INSERT INTO DISHES VALUES(100010,'\u0432\u043a\u0443\u0441\u043d\u0430\u044f \u0435\u0434\u0430','2020-07-30 00:00:00.000000',210,100003)
INSERT INTO DISHES VALUES(100011,'\u041e\u0442\u0431\u0438\u0432\u043d\u0430\u044f','2020-07-30 00:00:00.000000',220,100003)
INSERT INTO DISHES VALUES(100012,'\u0424\u0440\u0443\u043a\u0442\u044b','2020-07-30 00:00:00.000000',230,100003)
INSERT INTO DISHES VALUES(100013,'\u0421\u043b\u0430\u0434\u043e\u0441\u0442\u0438','2020-07-30 00:00:00.000000',240,100003)
INSERT INTO DISHES VALUES(100014,'\u0441\u043e\u043a','2020-07-30 00:00:00.000000',250,100003)
ALTER SEQUENCE PUBLIC.GLOBAL_SEQ RESTART WITH 100015
COMMIT
INSERT INTO VOTES VALUES(100015,'2020-06-28 00:00:00.000000',100002,100000)
INSERT INTO VOTES VALUES(100016,'2020-06-29 00:00:00.000000',100002,100000)
INSERT INTO VOTES VALUES(100017,'2020-06-29 00:00:00.000000',100002,100001)
INSERT INTO VOTES VALUES(100018,'2020-06-30 00:00:00.000000',100002,100000)
INSERT INTO VOTES VALUES(100019,'2020-06-30 00:00:00.000000',100003,100001)
INSERT INTO VOTES VALUES(100020,'2020-07-29 00:00:00.000000',100003,100001)
INSERT INTO VOTES VALUES(100021,'2020-07-30 00:00:00.000000',100002,100000)
ALTER SEQUENCE PUBLIC.GLOBAL_SEQ RESTART WITH 100022
COMMIT
DISCONNECT
/*C25*/SET SCHEMA PUBLIC
DISCONNECT
/*C20*/SET SCHEMA PUBLIC
DISCONNECT
/*C21*/SET SCHEMA PUBLIC
DISCONNECT
/*C22*/SET SCHEMA PUBLIC
DISCONNECT
/*C23*/SET SCHEMA PUBLIC
DISCONNECT
